CRITICAL - 2023-01-02 01:21:39 --> Undefined variable $lchartjs
in APPPATH\Views\templates\dashboard\v1\header.php on line 80.
 1 APPPATH\Views\templates\dashboard\v1\header.php(80): CodeIgniter\Debug\Exceptions->errorHandler(2, 'Undefined variable $lchartjs', 'APPPATH\\Views\\templates\\dashboard\\v1\\header.php', 80)
 2 SYSTEMPATH\View\View.php(213): include('APPPATH\\Views\\templates\\dashboard\\v1\\header.php')
 3 SYSTEMPATH\View\View.php(216): CodeIgniter\View\View->CodeIgniter\View\{closure}()
 4 SYSTEMPATH\Common.php(1134): CodeIgniter\View\View->render('templates/dashboard/v1/header', [], true)
 5 APPPATH\Controllers\Charts.php(16): view('templates/dashboard/v1/header', [...])
 6 SYSTEMPATH\CodeIgniter.php(927): App\Controllers\Charts->chartjs()
 7 SYSTEMPATH\CodeIgniter.php(482): CodeIgniter\CodeIgniter->runController(Object(App\Controllers\Charts))
 8 SYSTEMPATH\CodeIgniter.php(351): CodeIgniter\CodeIgniter->handleRequest(null, Object(Config\Cache), false)
 9 FCPATH\index.php(67): CodeIgniter\CodeIgniter->run()
10 SYSTEMPATH\Commands\Server\rewrite.php(46): require_once('FCPATH\\index.php')
CRITICAL - 2023-01-02 01:22:02 --> Undefined variable $schartjs
in APPPATH\Views\templates\dashboard\v1\header.php on line 81.
 1 APPPATH\Views\templates\dashboard\v1\header.php(81): CodeIgniter\Debug\Exceptions->errorHandler(2, 'Undefined variable $schartjs', 'APPPATH\\Views\\templates\\dashboard\\v1\\header.php', 81)
 2 SYSTEMPATH\View\View.php(213): include('APPPATH\\Views\\templates\\dashboard\\v1\\header.php')
 3 SYSTEMPATH\View\View.php(216): CodeIgniter\View\View->CodeIgniter\View\{closure}()
 4 SYSTEMPATH\Common.php(1134): CodeIgniter\View\View->render('templates/dashboard/v1/header', [], true)
 5 APPPATH\Controllers\Charts.php(16): view('templates/dashboard/v1/header', [...])
 6 SYSTEMPATH\CodeIgniter.php(927): App\Controllers\Charts->chartjs()
 7 SYSTEMPATH\CodeIgniter.php(482): CodeIgniter\CodeIgniter->runController(Object(App\Controllers\Charts))
 8 SYSTEMPATH\CodeIgniter.php(351): CodeIgniter\CodeIgniter->handleRequest(null, Object(Config\Cache), false)
 9 FCPATH\index.php(67): CodeIgniter\CodeIgniter->run()
10 SYSTEMPATH\Commands\Server\rewrite.php(46): require_once('FCPATH\\index.php')
CRITICAL - 2023-01-02 01:22:16 --> Undefined constant "view"
in APPPATH\Views\templates\dashboard\v1\header.php on line 95.
 1 SYSTEMPATH\View\View.php(213): include()
 2 SYSTEMPATH\View\View.php(216): CodeIgniter\View\View->CodeIgniter\View\{closure}()
 3 SYSTEMPATH\Common.php(1134): CodeIgniter\View\View->render('templates/dashboard/v1/header', [], true)
 4 APPPATH\Controllers\Charts.php(16): view('templates/dashboard/v1/header', [...])
 5 SYSTEMPATH\CodeIgniter.php(927): App\Controllers\Charts->chartjs()
 6 SYSTEMPATH\CodeIgniter.php(482): CodeIgniter\CodeIgniter->runController(Object(App\Controllers\Charts))
 7 SYSTEMPATH\CodeIgniter.php(351): CodeIgniter\CodeIgniter->handleRequest(null, Object(Config\Cache), false)
 8 FCPATH\index.php(67): CodeIgniter\CodeIgniter->run()
 9 SYSTEMPATH\Commands\Server\rewrite.php(46): require_once('FCPATH\\index.php')
CRITICAL - 2023-01-02 01:22:33 --> Array to string conversion
in APPPATH\Views\templates\dashboard\v1\header.php on line 97.
 1 APPPATH\Views\templates\dashboard\v1\header.php(97): CodeIgniter\Debug\Exceptions->errorHandler(2, 'Array to string conversion', 'APPPATH\\Views\\templates\\dashboard\\v1\\header.php', 97)
 2 SYSTEMPATH\View\View.php(213): include('APPPATH\\Views\\templates\\dashboard\\v1\\header.php')
 3 SYSTEMPATH\View\View.php(216): CodeIgniter\View\View->CodeIgniter\View\{closure}()
 4 SYSTEMPATH\Common.php(1134): CodeIgniter\View\View->render('templates/dashboard/v1/header', [], true)
 5 APPPATH\Controllers\Charts.php(16): view('templates/dashboard/v1/header', [...])
 6 SYSTEMPATH\CodeIgniter.php(927): App\Controllers\Charts->chartjs()
 7 SYSTEMPATH\CodeIgniter.php(482): CodeIgniter\CodeIgniter->runController(Object(App\Controllers\Charts))
 8 SYSTEMPATH\CodeIgniter.php(351): CodeIgniter\CodeIgniter->handleRequest(null, Object(Config\Cache), false)
 9 FCPATH\index.php(67): CodeIgniter\CodeIgniter->run()
10 SYSTEMPATH\Commands\Server\rewrite.php(46): require_once('FCPATH\\index.php')
CRITICAL - 2023-01-02 01:26:35 --> Undefined constant "view"
in APPPATH\Views\templates\dashboard\v1\footer.php on line 22.
 1 SYSTEMPATH\View\View.php(213): include()
 2 SYSTEMPATH\View\View.php(216): CodeIgniter\View\View->CodeIgniter\View\{closure}()
 3 SYSTEMPATH\Common.php(1134): CodeIgniter\View\View->render('templates/dashboard/v1/footer', [], true)
 4 APPPATH\Controllers\Charts.php(18): view('templates/dashboard/v1/footer')
 5 SYSTEMPATH\CodeIgniter.php(927): App\Controllers\Charts->chartjs()
 6 SYSTEMPATH\CodeIgniter.php(482): CodeIgniter\CodeIgniter->runController(Object(App\Controllers\Charts))
 7 SYSTEMPATH\CodeIgniter.php(351): CodeIgniter\CodeIgniter->handleRequest(null, Object(Config\Cache), false)
 8 FCPATH\index.php(67): CodeIgniter\CodeIgniter->run()
 9 SYSTEMPATH\Commands\Server\rewrite.php(46): require_once('FCPATH\\index.php')
CRITICAL - 2023-01-02 01:26:47 --> Undefined variable $view
in APPPATH\Views\templates\dashboard\v1\footer.php on line 22.
 1 APPPATH\Views\templates\dashboard\v1\footer.php(22): CodeIgniter\Debug\Exceptions->errorHandler(2, 'Undefined variable $view', 'APPPATH\\Views\\templates\\dashboard\\v1\\footer.php', 22)
 2 SYSTEMPATH\View\View.php(213): include('APPPATH\\Views\\templates\\dashboard\\v1\\footer.php')
 3 SYSTEMPATH\View\View.php(216): CodeIgniter\View\View->CodeIgniter\View\{closure}()
 4 SYSTEMPATH\Common.php(1134): CodeIgniter\View\View->render('templates/dashboard/v1/footer', [], true)
 5 APPPATH\Controllers\Charts.php(18): view('templates/dashboard/v1/footer')
 6 SYSTEMPATH\CodeIgniter.php(927): App\Controllers\Charts->chartjs()
 7 SYSTEMPATH\CodeIgniter.php(482): CodeIgniter\CodeIgniter->runController(Object(App\Controllers\Charts))
 8 SYSTEMPATH\CodeIgniter.php(351): CodeIgniter\CodeIgniter->handleRequest(null, Object(Config\Cache), false)
 9 FCPATH\index.php(67): CodeIgniter\CodeIgniter->run()
10 SYSTEMPATH\Commands\Server\rewrite.php(46): require_once('FCPATH\\index.php')
CRITICAL - 2023-01-02 01:55:26 --> syntax error, unexpected token "return", expecting ";"
in APPPATH\Controllers\Charts.php on line 23.
 1 SYSTEMPATH\Autoloader\Autoloader.php(259): CodeIgniter\Autoloader\Autoloader->includeFile('APPPATH\\Controllers\\Charts.php')
 2 SYSTEMPATH\Autoloader\Autoloader.php(237): CodeIgniter\Autoloader\Autoloader->loadInNamespace('App\\Controllers\\Charts')
 3 [internal function]: CodeIgniter\Autoloader\Autoloader->loadClass('App\\Controllers\\Charts')
 4 SYSTEMPATH\CodeIgniter.php(877): class_exists('\\App\\Controllers\\Charts', true)
 5 SYSTEMPATH\CodeIgniter.php(469): CodeIgniter\CodeIgniter->startController()
 6 SYSTEMPATH\CodeIgniter.php(351): CodeIgniter\CodeIgniter->handleRequest(null, Object(Config\Cache), false)
 7 FCPATH\index.php(67): CodeIgniter\CodeIgniter->run()
 8 SYSTEMPATH\Commands\Server\rewrite.php(46): require_once('FCPATH\\index.php')
CRITICAL - 2023-01-02 03:13:50 --> Undefined array key "Inline"
in APPPATH\Views\templates\dashboard\v1\header.php on line 53.
 1 APPPATH\Views\templates\dashboard\v1\header.php(53): CodeIgniter\Debug\Exceptions->errorHandler(2, 'Undefined array key "Inline"', 'APPPATH\\Views\\templates\\dashboard\\v1\\header.php', 53)
 2 SYSTEMPATH\View\View.php(213): include('APPPATH\\Views\\templates\\dashboard\\v1\\header.php')
 3 SYSTEMPATH\View\View.php(216): CodeIgniter\View\View->CodeIgniter\View\{closure}()
 4 SYSTEMPATH\Common.php(1134): CodeIgniter\View\View->render('templates/dashboard/v1/header', [], true)
 5 APPPATH\Controllers\Charts.php(28): view('templates/dashboard/v1/header', [...])
 6 SYSTEMPATH\CodeIgniter.php(927): App\Controllers\Charts->inline()
 7 SYSTEMPATH\CodeIgniter.php(482): CodeIgniter\CodeIgniter->runController(Object(App\Controllers\Charts))
 8 SYSTEMPATH\CodeIgniter.php(351): CodeIgniter\CodeIgniter->handleRequest(null, Object(Config\Cache), false)
 9 FCPATH\index.php(67): CodeIgniter\CodeIgniter->run()
10 SYSTEMPATH\Commands\Server\rewrite.php(46): require_once('FCPATH\\index.php')
CRITICAL - 2023-01-02 03:15:02 --> Array to string conversion
in APPPATH\Controllers\Charts.php on line 30.
 1 APPPATH\Controllers\Charts.php(30): CodeIgniter\Debug\Exceptions->errorHandler(2, 'Array to string conversion', 'APPPATH\\Controllers\\Charts.php', 30)
 2 SYSTEMPATH\CodeIgniter.php(927): App\Controllers\Charts->inline()
 3 SYSTEMPATH\CodeIgniter.php(482): CodeIgniter\CodeIgniter->runController(Object(App\Controllers\Charts))
 4 SYSTEMPATH\CodeIgniter.php(351): CodeIgniter\CodeIgniter->handleRequest(null, Object(Config\Cache), false)
 5 FCPATH\index.php(67): CodeIgniter\CodeIgniter->run()
 6 SYSTEMPATH\Commands\Server\rewrite.php(46): require_once('FCPATH\\index.php')
CRITICAL - 2023-01-02 04:13:58 --> Undefined variable $general
in APPPATH\Views\templates\dashboard\v1\header.php on line 109.
 1 APPPATH\Views\templates\dashboard\v1\header.php(109): CodeIgniter\Debug\Exceptions->errorHandler(2, 'Undefined variable $general', 'APPPATH\\Views\\templates\\dashboard\\v1\\header.php', 109)
 2 SYSTEMPATH\View\View.php(213): include('APPPATH\\Views\\templates\\dashboard\\v1\\header.php')
 3 SYSTEMPATH\View\View.php(216): CodeIgniter\View\View->CodeIgniter\View\{closure}()
 4 SYSTEMPATH\Common.php(1134): CodeIgniter\View\View->render('templates/dashboard/v1/header', [], true)
 5 APPPATH\Controllers\Ui.php(18): view('templates/dashboard/v1/header', [...])
 6 SYSTEMPATH\CodeIgniter.php(927): App\Controllers\Ui->general()
 7 SYSTEMPATH\CodeIgniter.php(482): CodeIgniter\CodeIgniter->runController(Object(App\Controllers\Ui))
 8 SYSTEMPATH\CodeIgniter.php(351): CodeIgniter\CodeIgniter->handleRequest(null, Object(Config\Cache), false)
 9 FCPATH\index.php(67): CodeIgniter\CodeIgniter->run()
10 SYSTEMPATH\Commands\Server\rewrite.php(46): require_once('FCPATH\\index.php')
CRITICAL - 2023-01-02 04:14:50 --> Invalid file: templates/chart/general.php
in SYSTEMPATH\Exceptions\FrameworkException.php on line 33.
 1 SYSTEMPATH\View\View.php(201): CodeIgniter\Exceptions\FrameworkException::forInvalidFile('templates/chart/general.php')
 2 SYSTEMPATH\Common.php(1134): CodeIgniter\View\View->render('templates/chart/general', [], true)
 3 APPPATH\Controllers\Ui.php(19): view('templates/chart/general')
 4 SYSTEMPATH\CodeIgniter.php(927): App\Controllers\Ui->general()
 5 SYSTEMPATH\CodeIgniter.php(482): CodeIgniter\CodeIgniter->runController(Object(App\Controllers\Ui))
 6 SYSTEMPATH\CodeIgniter.php(351): CodeIgniter\CodeIgniter->handleRequest(null, Object(Config\Cache), false)
 7 FCPATH\index.php(67): CodeIgniter\CodeIgniter->run()
 8 SYSTEMPATH\Commands\Server\rewrite.php(46): require_once('FCPATH\\index.php')
CRITICAL - 2023-01-02 04:16:14 --> Invalid file: templates/chart/general.php
in SYSTEMPATH\Exceptions\FrameworkException.php on line 33.
 1 SYSTEMPATH\View\View.php(201): CodeIgniter\Exceptions\FrameworkException::forInvalidFile('templates/chart/general.php')
 2 SYSTEMPATH\Common.php(1134): CodeIgniter\View\View->render('templates/chart/general', [], true)
 3 APPPATH\Controllers\Ui.php(19): view('templates/chart/general')
 4 SYSTEMPATH\CodeIgniter.php(927): App\Controllers\Ui->general()
 5 SYSTEMPATH\CodeIgniter.php(482): CodeIgniter\CodeIgniter->runController(Object(App\Controllers\Ui))
 6 SYSTEMPATH\CodeIgniter.php(351): CodeIgniter\CodeIgniter->handleRequest(null, Object(Config\Cache), false)
 7 FCPATH\index.php(67): CodeIgniter\CodeIgniter->run()
 8 SYSTEMPATH\Commands\Server\rewrite.php(46): require_once('FCPATH\\index.php')
CRITICAL - 2023-01-02 04:42:31 --> Undefined array key "Ribbon"
in APPPATH\Views\templates\dashboard\v1\header.php on line 118.
 1 APPPATH\Views\templates\dashboard\v1\header.php(118): CodeIgniter\Debug\Exceptions->errorHandler(2, 'Undefined array key "Ribbon"', 'APPPATH\\Views\\templates\\dashboard\\v1\\header.php', 118)
 2 SYSTEMPATH\View\View.php(213): include('APPPATH\\Views\\templates\\dashboard\\v1\\header.php')
 3 SYSTEMPATH\View\View.php(216): CodeIgniter\View\View->CodeIgniter\View\{closure}()
 4 SYSTEMPATH\Common.php(1134): CodeIgniter\View\View->render('templates/dashboard/v1/header', [], true)
 5 APPPATH\Controllers\Ui.php(42): view('templates/dashboard/v1/header', [...])
 6 SYSTEMPATH\CodeIgniter.php(927): App\Controllers\Ui->ribbons()
 7 SYSTEMPATH\CodeIgniter.php(482): CodeIgniter\CodeIgniter->runController(Object(App\Controllers\Ui))
 8 SYSTEMPATH\CodeIgniter.php(351): CodeIgniter\CodeIgniter->handleRequest(null, Object(Config\Cache), false)
 9 FCPATH\index.php(67): CodeIgniter\CodeIgniter->run()
10 SYSTEMPATH\Commands\Server\rewrite.php(46): require_once('FCPATH\\index.php')
